<?xml version="1.0" encoding="UTF-8"?>
<!-- Generated by org.testng.reporters.JUnitXMLReporter -->
<testsuite ignored="7" hostname="DESKTOP-0NISBQS" failures="0" tests="15" name="Default test" time="170.828" errors="0" timestamp="2020-09-07T15:27:14 IST">
  <testcase classname="testExecutions.individualchat" name="sendtxt" time="4.244"/>
  <testcase classname="testExecutions.individualchat" name="timermsg" time="10.315"/>
  <testcase classname="testExecutions.individualchat" name="send_imges" time="9.987"/>
  <testcase classname="testExecutions.individualchat" name="send_documents" time="6.624"/>
  <testcase classname="testExecutions.individualchat" name="send_videos" time="9.904"/>
  <testcase classname="testExecutions.individualchat" name="send_audios" time="10.049"/>
  <testcase classname="testExecutions.individualchat" name="send_currentlocation" time="17.221"/>
  <testcase classname="testExecutions.individualchat" name="send_cameraphoto" time="11.218"/>
  <testcase classname="testExecutions.individualchat" name="record_audio" time="7.975"/>
  <testcase classname="testExecutions.individualchat" name="reply_message" time="10.218"/>
  <testcase classname="testExecutions.individualchat" name="forward_message" time="9.975"/>
  <testcase classname="testExecutions.individualchat" name="voice_call" time="4.32"/>
  <testcase classname="testExecutions.individualchat" name="video_call" time="5.034"/>
  <testcase classname="testExecutions.individualchat" name="mute_contact" time="11.7"/>
  <testcase classname="testExecutions.individualchat" name="clear_contact" time="20.855"/>
  <testcase classname="testExecutions.individualchat" name="unblock_user" time="0.0">
    <ignored/>
  </testcase> <!-- unblock_user -->
  <testcase classname="testExecutions.individualchat" name="delete_contact" time="0.0">
    <ignored/>
  </testcase> <!-- delete_contact -->
  <testcase classname="testExecutions.individualchat" name="favorite_user" time="0.0">
    <ignored/>
  </testcase> <!-- favorite_user -->
  <testcase classname="testExecutions.individualchat" name="unfavorite_user" time="0.0">
    <ignored/>
  </testcase> <!-- unfavorite_user -->
  <testcase classname="testExecutions.individualchat" name="change_pin" time="0.0">
    <ignored/>
  </testcase> <!-- change_pin -->
  <testcase classname="testExecutions.individualchat" name="send_differentlocation" time="0.0">
    <ignored/>
  </testcase> <!-- send_differentlocation -->
  <testcase classname="testExecutions.individualchat" name="block_user" time="0.0">
    <ignored/>
  </testcase> <!-- block_user -->
</testsuite> <!-- Default test -->
