<?xml version="1.0" encoding="UTF-8"?>
<testng-results ignored="7" total="22" passed="15" failed="0" skipped="0">
  <reporter-output>
  </reporter-output>
  <suite started-at="2020-09-07T15:24:23 IST" name="Default suite" finished-at="2020-09-07T15:27:14 IST" duration-ms="170828">
    <groups>
    </groups>
    <test started-at="2020-09-07T15:24:23 IST" name="Default test" finished-at="2020-09-07T15:27:14 IST" duration-ms="170828">
      <class name="testExecutions.individualchat">
        <test-method is-config="true" signature="BeforeTest()[pri:0, instance:testExecutions.individualchat@35229f85]" started-at="2020-09-07T15:24:23 IST" name="BeforeTest" finished-at="2020-09-07T15:24:44 IST" duration-ms="21098" status="PASS">
          <reporter-output>
          </reporter-output>
        </test-method> <!-- BeforeTest -->
        <test-method signature="sendtxt()[pri:1, instance:testExecutions.individualchat@35229f85]" started-at="2020-09-07T15:24:44 IST" name="sendtxt" finished-at="2020-09-07T15:24:48 IST" duration-ms="4244" status="PASS">
          <reporter-output>
          </reporter-output>
        </test-method> <!-- sendtxt -->
        <test-method signature="timermsg()[pri:2, instance:testExecutions.individualchat@35229f85]" started-at="2020-09-07T15:24:48 IST" name="timermsg" finished-at="2020-09-07T15:24:59 IST" duration-ms="10315" status="PASS">
          <reporter-output>
          </reporter-output>
        </test-method> <!-- timermsg -->
        <test-method signature="send_imges()[pri:3, instance:testExecutions.individualchat@35229f85]" started-at="2020-09-07T15:24:59 IST" name="send_imges" finished-at="2020-09-07T15:25:09 IST" duration-ms="9987" status="PASS">
          <reporter-output>
          </reporter-output>
        </test-method> <!-- send_imges -->
        <test-method signature="send_documents()[pri:4, instance:testExecutions.individualchat@35229f85]" started-at="2020-09-07T15:25:09 IST" name="send_documents" finished-at="2020-09-07T15:25:15 IST" duration-ms="6624" status="PASS">
          <reporter-output>
          </reporter-output>
        </test-method> <!-- send_documents -->
        <test-method signature="send_videos()[pri:5, instance:testExecutions.individualchat@35229f85]" started-at="2020-09-07T15:25:15 IST" name="send_videos" finished-at="2020-09-07T15:25:25 IST" duration-ms="9904" status="PASS">
          <reporter-output>
          </reporter-output>
        </test-method> <!-- send_videos -->
        <test-method signature="send_audios()[pri:6, instance:testExecutions.individualchat@35229f85]" started-at="2020-09-07T15:25:25 IST" name="send_audios" finished-at="2020-09-07T15:25:35 IST" duration-ms="10049" status="PASS">
          <reporter-output>
          </reporter-output>
        </test-method> <!-- send_audios -->
        <test-method signature="send_currentlocation()[pri:7, instance:testExecutions.individualchat@35229f85]" started-at="2020-09-07T15:25:35 IST" name="send_currentlocation" finished-at="2020-09-07T15:25:52 IST" duration-ms="17221" status="PASS">
          <reporter-output>
          </reporter-output>
        </test-method> <!-- send_currentlocation -->
        <test-method signature="send_cameraphoto()[pri:9, instance:testExecutions.individualchat@35229f85]" started-at="2020-09-07T15:25:52 IST" name="send_cameraphoto" finished-at="2020-09-07T15:26:04 IST" duration-ms="11218" status="PASS">
          <reporter-output>
          </reporter-output>
        </test-method> <!-- send_cameraphoto -->
        <test-method signature="record_audio()[pri:10, instance:testExecutions.individualchat@35229f85]" started-at="2020-09-07T15:26:04 IST" name="record_audio" finished-at="2020-09-07T15:26:12 IST" duration-ms="7975" status="PASS">
          <reporter-output>
          </reporter-output>
        </test-method> <!-- record_audio -->
        <test-method signature="reply_message()[pri:11, instance:testExecutions.individualchat@35229f85]" started-at="2020-09-07T15:26:12 IST" name="reply_message" finished-at="2020-09-07T15:26:22 IST" duration-ms="10218" status="PASS">
          <reporter-output>
          </reporter-output>
        </test-method> <!-- reply_message -->
        <test-method signature="forward_message()[pri:12, instance:testExecutions.individualchat@35229f85]" started-at="2020-09-07T15:26:22 IST" name="forward_message" finished-at="2020-09-07T15:26:32 IST" duration-ms="9975" status="PASS">
          <reporter-output>
          </reporter-output>
        </test-method> <!-- forward_message -->
        <test-method signature="voice_call()[pri:17, instance:testExecutions.individualchat@35229f85]" started-at="2020-09-07T15:26:32 IST" name="voice_call" finished-at="2020-09-07T15:26:36 IST" duration-ms="4320" status="PASS">
          <reporter-output>
          </reporter-output>
        </test-method> <!-- voice_call -->
        <test-method signature="video_call()[pri:18, instance:testExecutions.individualchat@35229f85]" started-at="2020-09-07T15:26:36 IST" name="video_call" finished-at="2020-09-07T15:26:41 IST" duration-ms="5034" status="PASS">
          <reporter-output>
          </reporter-output>
        </test-method> <!-- video_call -->
        <test-method signature="mute_contact()[pri:19, instance:testExecutions.individualchat@35229f85]" started-at="2020-09-07T15:26:41 IST" name="mute_contact" finished-at="2020-09-07T15:26:53 IST" duration-ms="11700" status="PASS">
          <reporter-output>
          </reporter-output>
        </test-method> <!-- mute_contact -->
        <test-method signature="clear_contact()[pri:20, instance:testExecutions.individualchat@35229f85]" started-at="2020-09-07T15:26:53 IST" name="clear_contact" finished-at="2020-09-07T15:27:14 IST" duration-ms="20855" status="PASS">
          <reporter-output>
          </reporter-output>
        </test-method> <!-- clear_contact -->
      </class> <!-- testExecutions.individualchat -->
    </test> <!-- Default test -->
  </suite> <!-- Default suite -->
</testng-results>
